[2025-04-29T20:41:45.618Z] Attempting to save form to file...
[2025-04-29T20:41:45.620Z] ...done. The file material_form_2025-04-29T20:41:45.617Z_f747870e-7765-4865-b017-a776e33225b0.json has been saved!
[2025-04-29T20:41:47.825Z] File not found: /app/formTemplate/feedback.json
[2025-05-13T01:53:31.261Z] Attempting to save form to file...
[2025-05-13T01:53:31.263Z] ...done. The file smart_form_2025-05-13T01:53:31.261Z_38fccf30-c2e9-4490-bb04-cd09c883b478.json has been saved!
[2025-05-13T01:54:26.953Z] Attempting to save form to file...
[2025-05-13T01:54:26.954Z] ...done. The file feedback_2025-05-13T01:54:26.953Z_38fccf30-c2e9-4490-bb04-cd09c883b478.json has been saved!
[2025-05-13T01:57:58.576Z] Attempting to save form to file...
[2025-05-13T01:57:58.580Z] ...done. The file material_form_2025-05-13T01:57:58.576Z_553f738a-3cae-4431-beef-f25feba91d88.json has been saved!
[2025-05-13T02:06:44.743Z] Attempting to save form to file...
[2025-05-13T02:06:44.745Z] ...done. The file smart_form_2025-05-13T02:06:44.742Z_4e601b32-8a4d-468f-bf63-80d9fb2e6bdf.json has been saved!
[2025-05-13T02:07:05.190Z] Attempting to save form to file...
[2025-05-13T02:07:05.191Z] ...done. The file feedback_2025-05-13T02:07:05.190Z_4e601b32-8a4d-468f-bf63-80d9fb2e6bdf.json has been saved!
[2025-05-13T05:41:15.161Z] Attempting to save form to file...
[2025-05-13T05:41:15.163Z] ...done. The file material_form_2025-05-13T05:41:15.161Z_b743a4f2-a593-422b-a693-f77c2595fa6c.json has been saved!
[2025-05-13T05:45:55.758Z] Attempting to save form to file...
[2025-05-13T05:45:55.759Z] ...done. The file smart_form_2025-05-13T05:45:55.758Z_2711c1fb-eaa2-4235-bb04-2cdb69d8b3bd.json has been saved!
[2025-05-13T05:47:35.794Z] Attempting to save form to file...
[2025-05-13T05:47:35.796Z] ...done. The file feedback_2025-05-13T05:47:35.794Z_2711c1fb-eaa2-4235-bb04-2cdb69d8b3bd.json has been saved!
[2025-05-13T08:21:43.461Z] Attempting to save form to file...
[2025-05-13T08:21:43.463Z] ...done. The file material_form_2025-05-13T08:21:43.460Z_88c046e3-fe4d-4fa9-a052-03c62cf633e2.json has been saved!
[2025-05-13T08:23:42.588Z] Attempting to save form to file...
[2025-05-13T08:23:42.589Z] ...done. The file smart_form_2025-05-13T08:23:42.588Z_8550f587-4299-4f51-ab3a-56a3b641e164.json has been saved!
[2025-05-13T08:36:16.791Z] Attempting to save form to file...
[2025-05-13T08:36:16.792Z] ...done. The file feedback_2025-05-13T08:36:16.791Z_8550f587-4299-4f51-ab3a-56a3b641e164.json has been saved!
[2025-05-13T08:51:28.933Z] Attempting to save form to file...
[2025-05-13T08:51:28.934Z] ...done. The file material_form_2025-05-13T08:51:28.933Z_e44188f3-427b-44ba-84f9-e9f13719849c.json has been saved!
[2025-05-13T08:57:37.789Z] Attempting to save form to file...
[2025-05-13T08:57:37.790Z] ...done. The file material_form_2025-05-13T08:57:37.789Z_468d347f-00be-4d87-be4f-8e54d72097e6.json has been saved!
[2025-05-13T09:05:20.764Z] Attempting to save form to file...
[2025-05-13T09:05:20.765Z] ...done. The file smart_form_2025-05-13T09:05:20.764Z_40a33207-6294-4742-b4fb-654697b75df7.json has been saved!
[2025-05-13T09:13:44.645Z] Attempting to save form to file...
[2025-05-13T09:13:44.646Z] ...done. The file feedback_2025-05-13T09:13:44.645Z_40a33207-6294-4742-b4fb-654697b75df7.json has been saved!
[2025-05-13T09:15:56.574Z] Attempting to save form to file...
[2025-05-13T09:15:56.575Z] ...done. The file material_form_2025-05-13T09:15:56.574Z_72ca1b20-b29d-421d-b548-08cfe5ac51a9.json has been saved!
[2025-04-29T20:41:45.618Z] Attempting to save form to file...
[2025-04-29T20:41:45.620Z] ...done. The file material_form_2025-04-29T20:41:45.617Z_f747870e-7765-4865-b017-a776e33225b0.json has been saved!
[2025-04-29T20:41:47.825Z] File not found: /app/formTemplate/feedback.json
[2025-05-13T01:53:31.261Z] Attempting to save form to file...
[2025-05-13T01:53:31.263Z] ...done. The file smart_form_2025-05-13T01:53:31.261Z_38fccf30-c2e9-4490-bb04-cd09c883b478.json has been saved!
[2025-05-13T01:54:26.953Z] Attempting to save form to file...
[2025-05-13T01:54:26.954Z] ...done. The file feedback_2025-05-13T01:54:26.953Z_38fccf30-c2e9-4490-bb04-cd09c883b478.json has been saved!
[2025-05-13T01:57:58.576Z] Attempting to save form to file...
[2025-05-13T01:57:58.580Z] ...done. The file material_form_2025-05-13T01:57:58.576Z_553f738a-3cae-4431-beef-f25feba91d88.json has been saved!
[2025-05-13T02:06:44.743Z] Attempting to save form to file...
[2025-05-13T02:06:44.745Z] ...done. The file smart_form_2025-05-13T02:06:44.742Z_4e601b32-8a4d-468f-bf63-80d9fb2e6bdf.json has been saved!
[2025-05-13T02:07:05.190Z] Attempting to save form to file...
[2025-05-13T02:07:05.191Z] ...done. The file feedback_2025-05-13T02:07:05.190Z_4e601b32-8a4d-468f-bf63-80d9fb2e6bdf.json has been saved!
[2025-05-13T05:41:15.161Z] Attempting to save form to file...
[2025-05-13T05:41:15.163Z] ...done. The file material_form_2025-05-13T05:41:15.161Z_b743a4f2-a593-422b-a693-f77c2595fa6c.json has been saved!
[2025-05-13T05:45:55.758Z] Attempting to save form to file...
[2025-05-13T05:45:55.759Z] ...done. The file smart_form_2025-05-13T05:45:55.758Z_2711c1fb-eaa2-4235-bb04-2cdb69d8b3bd.json has been saved!
[2025-05-13T05:47:35.794Z] Attempting to save form to file...
[2025-05-13T05:47:35.796Z] ...done. The file feedback_2025-05-13T05:47:35.794Z_2711c1fb-eaa2-4235-bb04-2cdb69d8b3bd.json has been saved!
[2025-05-13T08:21:43.461Z] Attempting to save form to file...
[2025-05-13T08:21:43.463Z] ...done. The file material_form_2025-05-13T08:21:43.460Z_88c046e3-fe4d-4fa9-a052-03c62cf633e2.json has been saved!
[2025-05-13T08:23:42.588Z] Attempting to save form to file...
[2025-05-13T08:23:42.589Z] ...done. The file smart_form_2025-05-13T08:23:42.588Z_8550f587-4299-4f51-ab3a-56a3b641e164.json has been saved!
[2025-05-13T08:36:16.791Z] Attempting to save form to file...
[2025-05-13T08:36:16.792Z] ...done. The file feedback_2025-05-13T08:36:16.791Z_8550f587-4299-4f51-ab3a-56a3b641e164.json has been saved!
[2025-05-13T08:51:28.933Z] Attempting to save form to file...
[2025-05-13T08:51:28.934Z] ...done. The file material_form_2025-05-13T08:51:28.933Z_e44188f3-427b-44ba-84f9-e9f13719849c.json has been saved!
[2025-05-13T08:57:37.789Z] Attempting to save form to file...
[2025-05-13T08:57:37.790Z] ...done. The file material_form_2025-05-13T08:57:37.789Z_468d347f-00be-4d87-be4f-8e54d72097e6.json has been saved!
[2025-05-13T09:05:20.764Z] Attempting to save form to file...
[2025-05-13T09:05:20.765Z] ...done. The file smart_form_2025-05-13T09:05:20.764Z_40a33207-6294-4742-b4fb-654697b75df7.json has been saved!
[2025-05-13T09:13:44.645Z] Attempting to save form to file...
[2025-05-13T09:13:44.646Z] ...done. The file feedback_2025-05-13T09:13:44.645Z_40a33207-6294-4742-b4fb-654697b75df7.json has been saved!
[2025-05-13T09:15:56.574Z] Attempting to save form to file...
[2025-05-13T09:15:56.575Z] ...done. The file material_form_2025-05-13T09:15:56.574Z_72ca1b20-b29d-421d-b548-08cfe5ac51a9.json has been saved!
[2025-05-13T09:25:36.478Z] Attempting to save form to file...
[2025-05-13T09:25:36.479Z] ...done. The file smart_form_2025-05-13T09:25:36.478Z_73bd0634-f8b5-4edf-bf35-d0f05412f52a.json has been saved!
[2025-05-13T09:28:20.006Z] Attempting to save form to file...
[2025-05-13T09:28:20.009Z] ...done. The file feedback_2025-05-13T09:28:20.006Z_73bd0634-f8b5-4edf-bf35-d0f05412f52a.json has been saved!
[2025-05-13T09:46:34.112Z] Attempting to save form to file...
[2025-05-13T09:46:34.115Z] ...done. The file smart_form_2025-05-13T09:46:34.112Z_bfd93200-490e-4613-9e6a-408d3feb6e0c.json has been saved!
[2025-05-13T10:04:29.729Z] Attempting to save form to file...
[2025-05-13T10:04:29.730Z] ...done. The file feedback_2025-05-13T10:04:29.729Z_bfd93200-490e-4613-9e6a-408d3feb6e0c.json has been saved!
[2025-04-29T20:41:45.618Z] Attempting to save form to file...
[2025-04-29T20:41:45.620Z] ...done. The file material_form_2025-04-29T20:41:45.617Z_f747870e-7765-4865-b017-a776e33225b0.json has been saved!
[2025-04-29T20:41:47.825Z] File not found: /app/formTemplate/feedback.json
[2025-05-13T01:53:31.261Z] Attempting to save form to file...
[2025-05-13T01:53:31.263Z] ...done. The file smart_form_2025-05-13T01:53:31.261Z_38fccf30-c2e9-4490-bb04-cd09c883b478.json has been saved!
[2025-05-13T01:54:26.953Z] Attempting to save form to file...
[2025-05-13T01:54:26.954Z] ...done. The file feedback_2025-05-13T01:54:26.953Z_38fccf30-c2e9-4490-bb04-cd09c883b478.json has been saved!
[2025-05-13T01:57:58.576Z] Attempting to save form to file...
[2025-05-13T01:57:58.580Z] ...done. The file material_form_2025-05-13T01:57:58.576Z_553f738a-3cae-4431-beef-f25feba91d88.json has been saved!
[2025-05-13T02:06:44.743Z] Attempting to save form to file...
[2025-05-13T02:06:44.745Z] ...done. The file smart_form_2025-05-13T02:06:44.742Z_4e601b32-8a4d-468f-bf63-80d9fb2e6bdf.json has been saved!
[2025-05-13T02:07:05.190Z] Attempting to save form to file...
[2025-05-13T02:07:05.191Z] ...done. The file feedback_2025-05-13T02:07:05.190Z_4e601b32-8a4d-468f-bf63-80d9fb2e6bdf.json has been saved!
[2025-05-13T05:41:15.161Z] Attempting to save form to file...
[2025-05-13T05:41:15.163Z] ...done. The file material_form_2025-05-13T05:41:15.161Z_b743a4f2-a593-422b-a693-f77c2595fa6c.json has been saved!
[2025-05-13T05:45:55.758Z] Attempting to save form to file...
[2025-05-13T05:45:55.759Z] ...done. The file smart_form_2025-05-13T05:45:55.758Z_2711c1fb-eaa2-4235-bb04-2cdb69d8b3bd.json has been saved!
[2025-05-13T05:47:35.794Z] Attempting to save form to file...
[2025-05-13T05:47:35.796Z] ...done. The file feedback_2025-05-13T05:47:35.794Z_2711c1fb-eaa2-4235-bb04-2cdb69d8b3bd.json has been saved!
[2025-05-13T08:21:43.461Z] Attempting to save form to file...
[2025-05-13T08:21:43.463Z] ...done. The file material_form_2025-05-13T08:21:43.460Z_88c046e3-fe4d-4fa9-a052-03c62cf633e2.json has been saved!
[2025-05-13T08:23:42.588Z] Attempting to save form to file...
[2025-05-13T08:23:42.589Z] ...done. The file smart_form_2025-05-13T08:23:42.588Z_8550f587-4299-4f51-ab3a-56a3b641e164.json has been saved!
[2025-05-13T08:36:16.791Z] Attempting to save form to file...
[2025-05-13T08:36:16.792Z] ...done. The file feedback_2025-05-13T08:36:16.791Z_8550f587-4299-4f51-ab3a-56a3b641e164.json has been saved!
[2025-05-13T08:51:28.933Z] Attempting to save form to file...
[2025-05-13T08:51:28.934Z] ...done. The file material_form_2025-05-13T08:51:28.933Z_e44188f3-427b-44ba-84f9-e9f13719849c.json has been saved!
[2025-05-13T08:57:37.789Z] Attempting to save form to file...
[2025-05-13T08:57:37.790Z] ...done. The file material_form_2025-05-13T08:57:37.789Z_468d347f-00be-4d87-be4f-8e54d72097e6.json has been saved!
[2025-05-13T09:05:20.764Z] Attempting to save form to file...
[2025-05-13T09:05:20.765Z] ...done. The file smart_form_2025-05-13T09:05:20.764Z_40a33207-6294-4742-b4fb-654697b75df7.json has been saved!
[2025-05-13T09:13:44.645Z] Attempting to save form to file...
[2025-05-13T09:13:44.646Z] ...done. The file feedback_2025-05-13T09:13:44.645Z_40a33207-6294-4742-b4fb-654697b75df7.json has been saved!
[2025-05-13T09:15:56.574Z] Attempting to save form to file...
[2025-05-13T09:15:56.575Z] ...done. The file material_form_2025-05-13T09:15:56.574Z_72ca1b20-b29d-421d-b548-08cfe5ac51a9.json has been saved!
[2025-05-13T09:25:36.478Z] Attempting to save form to file...
[2025-05-13T09:25:36.479Z] ...done. The file smart_form_2025-05-13T09:25:36.478Z_73bd0634-f8b5-4edf-bf35-d0f05412f52a.json has been saved!
[2025-05-13T09:28:20.006Z] Attempting to save form to file...
[2025-05-13T09:28:20.009Z] ...done. The file feedback_2025-05-13T09:28:20.006Z_73bd0634-f8b5-4edf-bf35-d0f05412f52a.json has been saved!
[2025-05-13T09:46:34.112Z] Attempting to save form to file...
[2025-05-13T09:46:34.115Z] ...done. The file smart_form_2025-05-13T09:46:34.112Z_bfd93200-490e-4613-9e6a-408d3feb6e0c.json has been saved!
[2025-05-13T10:04:29.729Z] Attempting to save form to file...
[2025-05-13T10:04:29.730Z] ...done. The file feedback_2025-05-13T10:04:29.729Z_bfd93200-490e-4613-9e6a-408d3feb6e0c.json has been saved!
[2025-05-13T10:52:02.654Z] Attempting to save form to file...
[2025-05-13T10:52:02.657Z] ...done. The file smart_form_2025-05-13T10:52:02.654Z_87785f50-6292-4be8-a54c-8182ef3c3949.json has been saved!
[2025-05-13T10:53:32.581Z] Attempting to save form to file...
[2025-05-13T10:53:32.582Z] ...done. The file feedback_2025-05-13T10:53:32.581Z_87785f50-6292-4be8-a54c-8182ef3c3949.json has been saved!
[2025-05-13T11:18:10.221Z] Attempting to save form to file...
[2025-05-13T11:18:10.222Z] ...done. The file smart_form_2025-05-13T11:18:10.221Z_01e8f3f9-838c-4a6e-836d-1846ae7cd14d.json has been saved!
[2025-05-13T11:31:38.632Z] Attempting to save form to file...
[2025-05-13T11:31:38.634Z] ...done. The file feedback_2025-05-13T11:31:38.632Z_01e8f3f9-838c-4a6e-836d-1846ae7cd14d.json has been saved!
